<?xml version="1.0" encoding="UTF-8"?>
<!-- Generated by org.testng.reporters.JUnitReportReporter -->
<testsuite skipped="0" hostname="Sony" name="org.qa.testBase.Demo" tests="1" failures="0" timestamp="22 Aug 2018 14:45:59 GMT" time="0.281" errors="0">
  <testcase name="verifyHomepageTitle" time="0.281" classname="org.qa.testBase.Demo"/>
</testsuite> <!-- org.qa.testBase.Demo -->
