<?xml version="1.0" encoding="UTF-8"?>
<!-- Generated by org.testng.reporters.JUnitReportReporter -->
<testsuite skipped="0" hostname="Sony" name="restAPITesting.GetAPITest" tests="1" failures="0" timestamp="25 Aug 2018 05:18:22 GMT" time="2.500" errors="0">
  <testcase name="getTest" time="2.500" classname="restAPITesting.GetAPITest"/>
</testsuite> <!-- restAPITesting.GetAPITest -->
