<?xml version="1.0" encoding="UTF-8"?>
<!-- Generated by org.testng.reporters.JUnitReportReporter -->
<testsuite skipped="0" hostname="Sony" name="restAPITesting.Demo" tests="1" failures="0" timestamp="23 Aug 2018 16:53:31 GMT" time="0.000" errors="0">
  <testcase name="get" time="0.000" classname="restAPITesting.Demo"/>
</testsuite> <!-- restAPITesting.Demo -->
